{"E:\\projects\\landing_coffee_react\\src\\App.jsx": {"path":"E:\\projects\\landing_coffee_react\\src\\App.jsx","statementMap":{"0":{"start":{"line":7,"column":2},"end":{"line":16,"column":null}}},"fnMap":{"0":{"name":"App","decl":{"start":{"line":6,"column":9},"end":{"line":6,"column":15}},"loc":{"start":{"line":6,"column":15},"end":{"line":18,"column":null}},"line":6}},"branchMap":{},"s":{"0":3},"f":{"0":3},"b":{},"meta":{"lastBranch":0,"lastFunction":1,"lastStatement":1,"seen":{"f:6:9:6:15":0,"s:7:2:16:Infinity":0}}}
,"E:\\projects\\landing_coffee_react\\src\\components\\layout\\Footer.jsx": {"path":"E:\\projects\\landing_coffee_react\\src\\components\\layout\\Footer.jsx","statementMap":{"0":{"start":{"line":1,"column":15},"end":{"line":15,"column":null}},"1":{"start":{"line":2,"column":22},"end":{"line":7,"column":null}},"2":{"start":{"line":9,"column":2},"end":{"line":13,"column":null}}},"fnMap":{"0":{"name":"(anonymous_0)","decl":{"start":{"line":1,"column":15},"end":{"line":1,"column":21}},"loc":{"start":{"line":1,"column":21},"end":{"line":15,"column":null}},"line":1}},"branchMap":{},"s":{"0":2,"1":6,"2":6},"f":{"0":6},"b":{},"meta":{"lastBranch":0,"lastFunction":1,"lastStatement":3,"seen":{"s:1:15:15:Infinity":0,"f:1:15:1:21":0,"s:2:22:7:Infinity":1,"s:9:2:13:Infinity":2}}}
,"E:\\projects\\landing_coffee_react\\src\\components\\layout\\Navbar.jsx": {"path":"E:\\projects\\landing_coffee_react\\src\\components\\layout\\Navbar.jsx","statementMap":{"0":{"start":{"line":4,"column":15},"end":{"line":57,"column":null}},"1":{"start":{"line":5,"column":26},"end":{"line":5,"column":null}},"2":{"start":{"line":7,"column":8},"end":{"line":7,"column":null}},"3":{"start":{"line":9,"column":2},"end":{"line":14,"column":null}},"4":{"start":{"line":10,"column":4},"end":{"line":13,"column":null}},"5":{"start":{"line":11,"column":21},"end":{"line":11,"column":null}},"6":{"start":{"line":12,"column":6},"end":{"line":12,"column":null}},"7":{"start":{"line":16,"column":2},"end":{"line":55,"column":null}},"8":{"start":{"line":26,"column":100},"end":{"line":26,"column":null}},"9":{"start":{"line":44,"column":85},"end":{"line":44,"column":103}},"10":{"start":{"line":47,"column":92},"end":{"line":47,"column":110}},"11":{"start":{"line":50,"column":80},"end":{"line":50,"column":98}}},"fnMap":{"0":{"name":"(anonymous_0)","decl":{"start":{"line":4,"column":15},"end":{"line":4,"column":21}},"loc":{"start":{"line":4,"column":21},"end":{"line":57,"column":null}},"line":4},"1":{"name":"(anonymous_1)","decl":{"start":{"line":9,"column":12},"end":{"line":9,"column":18}},"loc":{"start":{"line":9,"column":18},"end":{"line":14,"column":5}},"line":9},"2":{"name":"(anonymous_2)","decl":{"start":{"line":26,"column":94},"end":{"line":26,"column":100}},"loc":{"start":{"line":26,"column":100},"end":{"line":26,"column":null}},"line":26},"3":{"name":"(anonymous_3)","decl":{"start":{"line":44,"column":79},"end":{"line":44,"column":85}},"loc":{"start":{"line":44,"column":85},"end":{"line":44,"column":103}},"line":44},"4":{"name":"(anonymous_4)","decl":{"start":{"line":47,"column":86},"end":{"line":47,"column":92}},"loc":{"start":{"line":47,"column":92},"end":{"line":47,"column":110}},"line":47},"5":{"name":"(anonymous_5)","decl":{"start":{"line":50,"column":74},"end":{"line":50,"column":80}},"loc":{"start":{"line":50,"column":80},"end":{"line":50,"column":98}},"line":50}},"branchMap":{"0":{"loc":{"start":{"line":10,"column":4},"end":{"line":13,"column":null}},"type":"if","locations":[{"start":{"line":10,"column":4},"end":{"line":13,"column":null}},{"start":{},"end":{}}],"line":10},"1":{"loc":{"start":{"line":28,"column":13},"end":{"line":31,"column":null}},"type":"cond-expr","locations":[{"start":{"line":29,"column":14},"end":{"line":29,"column":null}},{"start":{"line":31,"column":14},"end":{"line":31,"column":null}}],"line":28},"2":{"loc":{"start":{"line":40,"column":12},"end":{"line":40,"column":87}},"type":"cond-expr","locations":[{"start":{"line":40,"column":21},"end":{"line":40,"column":48}},{"start":{"line":40,"column":48},"end":{"line":40,"column":87}}],"line":40}},"s":{"0":2,"1":11,"2":11,"3":11,"4":7,"5":7,"6":7,"7":11,"8":3,"9":1,"10":1,"11":1},"f":{"0":11,"1":7,"2":3,"3":1,"4":1,"5":1},"b":{"0":[7,0],"1":[2,9],"2":[2,9]},"meta":{"lastBranch":3,"lastFunction":6,"lastStatement":12,"seen":{"s:4:15:57:Infinity":0,"f:4:15:4:21":0,"s:5:26:5:Infinity":1,"s:7:8:7:Infinity":2,"s:9:2:14:Infinity":3,"f:9:12:9:18":1,"b:10:4:13:Infinity:undefined:undefined:undefined:undefined":0,"s:10:4:13:Infinity":4,"s:11:21:11:Infinity":5,"s:12:6:12:Infinity":6,"s:16:2:55:Infinity":7,"f:26:94:26:100":2,"s:26:100:26:Infinity":8,"b:29:14:29:Infinity:31:14:31:Infinity":1,"b:40:21:40:48:40:48:40:87":2,"f:44:79:44:85":3,"s:44:85:44:103":9,"f:47:86:47:92":4,"s:47:92:47:110":10,"f:50:74:50:80":5,"s:50:80:50:98":11}}}
,"E:\\projects\\landing_coffee_react\\src\\data\\coffeeBeansData.js": {"path":"E:\\projects\\landing_coffee_react\\src\\data\\coffeeBeansData.js","statementMap":{"0":{"start":{"line":1,"column":31},"end":{"line":93,"column":1}}},"fnMap":{},"branchMap":{},"s":{"0":2},"f":{},"b":{},"meta":{"lastBranch":0,"lastFunction":0,"lastStatement":1,"seen":{"s:1:31:93:1":0}}}
,"E:\\projects\\landing_coffee_react\\src\\data\\quizData.js": {"path":"E:\\projects\\landing_coffee_react\\src\\data\\quizData.js","statementMap":{"0":{"start":{"line":4,"column":24},"end":{"line":113,"column":1}},"1":{"start":{"line":115,"column":31},"end":{"line":130,"column":1}},"2":{"start":{"line":116,"column":17},"end":{"line":119,"column":8}},"3":{"start":{"line":117,"column":4},"end":{"line":117,"column":31}},"4":{"start":{"line":118,"column":4},"end":{"line":118,"column":15}},"5":{"start":{"line":121,"column":19},"end":{"line":121,"column":53}},"6":{"start":{"line":123,"column":18},"end":{"line":123,"column":77}},"7":{"start":{"line":123,"column":52},"end":{"line":123,"column":76}},"8":{"start":{"line":125,"column":2},"end":{"line":127,"column":3}},"9":{"start":{"line":126,"column":4},"end":{"line":126,"column":17}},"10":{"start":{"line":129,"column":2},"end":{"line":129,"column":20}}},"fnMap":{"0":{"name":"(anonymous_0)","decl":{"start":{"line":115,"column":31},"end":{"line":115,"column":32}},"loc":{"start":{"line":115,"column":44},"end":{"line":130,"column":1}},"line":115},"1":{"name":"(anonymous_1)","decl":{"start":{"line":116,"column":32},"end":{"line":116,"column":33}},"loc":{"start":{"line":116,"column":44},"end":{"line":119,"column":3}},"line":116},"2":{"name":"(anonymous_2)","decl":{"start":{"line":123,"column":45},"end":{"line":123,"column":48}},"loc":{"start":{"line":123,"column":52},"end":{"line":123,"column":76}},"line":123}},"branchMap":{"0":{"loc":{"start":{"line":117,"column":14},"end":{"line":117,"column":25}},"type":"binary-expr","locations":[{"start":{"line":117,"column":14},"end":{"line":117,"column":20}},{"start":{"line":117,"column":24},"end":{"line":117,"column":25}}],"line":117},"1":{"loc":{"start":{"line":125,"column":2},"end":{"line":127,"column":3}},"type":"if","locations":[{"start":{"line":125,"column":2},"end":{"line":127,"column":3}},{"start":{},"end":{}}],"line":125}},"s":{"0":4,"1":4,"2":5,"3":15,"4":15,"5":5,"6":5,"7":9,"8":5,"9":1,"10":4},"f":{"0":5,"1":15,"2":9},"b":{"0":[15,9],"1":[1,4]},"meta":{"lastBranch":2,"lastFunction":3,"lastStatement":11,"seen":{"s:4:24:113:1":0,"s:115:31:130:1":1,"f:115:31:115:32":0,"s:116:17:119:8":2,"f:116:32:116:33":1,"s:117:4:117:31":3,"b:117:14:117:20:117:24:117:25":0,"s:118:4:118:15":4,"s:121:19:121:53":5,"s:123:18:123:77":6,"f:123:45:123:48":2,"s:123:52:123:76":7,"b:125:2:127:3:undefined:undefined:undefined:undefined":1,"s:125:2:127:3":8,"s:126:4:126:17":9,"s:129:2:129:20":10}}}
,"E:\\projects\\landing_coffee_react\\src\\pages\\Contact.jsx": {"path":"E:\\projects\\landing_coffee_react\\src\\pages\\Contact.jsx","statementMap":{"0":{"start":{"line":7,"column":30},"end":{"line":13,"column":null}},"1":{"start":{"line":14,"column":26},"end":{"line":14,"column":null}},"2":{"start":{"line":15,"column":26},"end":{"line":15,"column":null}},"3":{"start":{"line":17,"column":24},"end":{"line":37,"column":null}},"4":{"start":{"line":18,"column":16},"end":{"line":18,"column":null}},"5":{"start":{"line":19,"column":4},"end":{"line":22,"column":null}},"6":{"start":{"line":20,"column":25},"end":{"line":20,"column":null}},"7":{"start":{"line":21,"column":6},"end":{"line":21,"column":null}},"8":{"start":{"line":21,"column":35},"end":{"line":21,"column":null}},"9":{"start":{"line":23,"column":4},"end":{"line":25,"column":null}},"10":{"start":{"line":24,"column":6},"end":{"line":24,"column":null}},"11":{"start":{"line":26,"column":4},"end":{"line":28,"column":null}},"12":{"start":{"line":27,"column":6},"end":{"line":27,"column":null}},"13":{"start":{"line":29,"column":4},"end":{"line":31,"column":null}},"14":{"start":{"line":30,"column":6},"end":{"line":30,"column":null}},"15":{"start":{"line":32,"column":4},"end":{"line":34,"column":null}},"16":{"start":{"line":33,"column":6},"end":{"line":33,"column":null}},"17":{"start":{"line":36,"column":4},"end":{"line":36,"column":null}},"18":{"start":{"line":39,"column":23},"end":{"line":44,"column":null}},"19":{"start":{"line":40,"column":28},"end":{"line":40,"column":null}},"20":{"start":{"line":41,"column":4},"end":{"line":41,"column":null}},"21":{"start":{"line":42,"column":23},"end":{"line":42,"column":null}},"22":{"start":{"line":43,"column":4},"end":{"line":43,"column":null}},"23":{"start":{"line":43,"column":23},"end":{"line":43,"column":55}},"24":{"start":{"line":46,"column":23},"end":{"line":69,"column":null}},"25":{"start":{"line":47,"column":4},"end":{"line":47,"column":null}},"26":{"start":{"line":49,"column":26},"end":{"line":49,"column":null}},"27":{"start":{"line":50,"column":4},"end":{"line":53,"column":null}},"28":{"start":{"line":51,"column":18},"end":{"line":51,"column":null}},"29":{"start":{"line":52,"column":6},"end":{"line":52,"column":null}},"30":{"start":{"line":52,"column":15},"end":{"line":52,"column":null}},"31":{"start":{"line":55,"column":4},"end":{"line":58,"column":null}},"32":{"start":{"line":56,"column":6},"end":{"line":56,"column":null}},"33":{"start":{"line":57,"column":6},"end":{"line":57,"column":null}},"34":{"start":{"line":60,"column":4},"end":{"line":60,"column":null}},"35":{"start":{"line":61,"column":4},"end":{"line":68,"column":null}},"36":{"start":{"line":62,"column":6},"end":{"line":62,"column":null}},"37":{"start":{"line":63,"column":6},"end":{"line":63,"column":null}},"38":{"start":{"line":64,"column":6},"end":{"line":64,"column":null}},"39":{"start":{"line":66,"column":6},"end":{"line":66,"column":null}},"40":{"start":{"line":67,"column":6},"end":{"line":67,"column":null}},"41":{"start":{"line":72,"column":2},"end":{"line":220,"column":null}}},"fnMap":{"0":{"name":"Contact","decl":{"start":{"line":6,"column":24},"end":{"line":6,"column":34}},"loc":{"start":{"line":6,"column":34},"end":{"line":222,"column":null}},"line":6},"1":{"name":"(anonymous_1)","decl":{"start":{"line":17,"column":24},"end":{"line":17,"column":25}},"loc":{"start":{"line":17,"column":41},"end":{"line":37,"column":null}},"line":17},"2":{"name":"(anonymous_2)","decl":{"start":{"line":39,"column":23},"end":{"line":39,"column":24}},"loc":{"start":{"line":39,"column":30},"end":{"line":44,"column":null}},"line":39},"3":{"name":"(anonymous_3)","decl":{"start":{"line":43,"column":14},"end":{"line":43,"column":23}},"loc":{"start":{"line":43,"column":23},"end":{"line":43,"column":55}},"line":43},"4":{"name":"(anonymous_4)","decl":{"start":{"line":46,"column":23},"end":{"line":46,"column":30}},"loc":{"start":{"line":46,"column":36},"end":{"line":69,"column":null}},"line":46},"5":{"name":"(anonymous_5)","decl":{"start":{"line":50,"column":34},"end":{"line":50,"column":41}},"loc":{"start":{"line":50,"column":41},"end":{"line":53,"column":5}},"line":50}},"branchMap":{"0":{"loc":{"start":{"line":19,"column":4},"end":{"line":22,"column":null}},"type":"if","locations":[{"start":{"line":19,"column":4},"end":{"line":22,"column":null}},{"start":{},"end":{}}],"line":19},"1":{"loc":{"start":{"line":21,"column":6},"end":{"line":21,"column":null}},"type":"if","locations":[{"start":{"line":21,"column":6},"end":{"line":21,"column":null}},{"start":{},"end":{}}],"line":21},"2":{"loc":{"start":{"line":23,"column":4},"end":{"line":25,"column":null}},"type":"if","locations":[{"start":{"line":23,"column":4},"end":{"line":25,"column":null}},{"start":{},"end":{}}],"line":23},"3":{"loc":{"start":{"line":23,"column":8},"end":{"line":23,"column":49}},"type":"binary-expr","locations":[{"start":{"line":23,"column":8},"end":{"line":23,"column":30}},{"start":{"line":23,"column":30},"end":{"line":23,"column":49}}],"line":23},"4":{"loc":{"start":{"line":26,"column":4},"end":{"line":28,"column":null}},"type":"if","locations":[{"start":{"line":26,"column":4},"end":{"line":28,"column":null}},{"start":{},"end":{}}],"line":26},"5":{"loc":{"start":{"line":26,"column":8},"end":{"line":26,"column":53}},"type":"binary-expr","locations":[{"start":{"line":26,"column":8},"end":{"line":26,"column":32}},{"start":{"line":26,"column":32},"end":{"line":26,"column":53}}],"line":26},"6":{"loc":{"start":{"line":29,"column":4},"end":{"line":31,"column":null}},"type":"if","locations":[{"start":{"line":29,"column":4},"end":{"line":31,"column":null}},{"start":{},"end":{}}],"line":29},"7":{"loc":{"start":{"line":29,"column":8},"end":{"line":29,"column":52}},"type":"binary-expr","locations":[{"start":{"line":29,"column":8},"end":{"line":29,"column":31}},{"start":{"line":29,"column":31},"end":{"line":29,"column":52}}],"line":29},"8":{"loc":{"start":{"line":32,"column":4},"end":{"line":34,"column":null}},"type":"if","locations":[{"start":{"line":32,"column":4},"end":{"line":34,"column":null}},{"start":{},"end":{}}],"line":32},"9":{"loc":{"start":{"line":32,"column":8},"end":{"line":32,"column":51}},"type":"binary-expr","locations":[{"start":{"line":32,"column":8},"end":{"line":32,"column":30}},{"start":{"line":32,"column":30},"end":{"line":32,"column":51}}],"line":32},"10":{"loc":{"start":{"line":52,"column":6},"end":{"line":52,"column":null}},"type":"if","locations":[{"start":{"line":52,"column":6},"end":{"line":52,"column":null}},{"start":{},"end":{}}],"line":52},"11":{"loc":{"start":{"line":55,"column":4},"end":{"line":58,"column":null}},"type":"if","locations":[{"start":{"line":55,"column":4},"end":{"line":58,"column":null}},{"start":{},"end":{}}],"line":55},"12":{"loc":{"start":{"line":116,"column":9},"end":{"line":117,"column":null}},"type":"binary-expr","locations":[{"start":{"line":116,"column":9},"end":{"line":116,"column":null}},{"start":{"line":117,"column":10},"end":{"line":117,"column":null}}],"line":116},"13":{"loc":{"start":{"line":119,"column":9},"end":{"line":120,"column":null}},"type":"binary-expr","locations":[{"start":{"line":119,"column":9},"end":{"line":119,"column":null}},{"start":{"line":120,"column":10},"end":{"line":120,"column":null}}],"line":119},"14":{"loc":{"start":{"line":134,"column":18},"end":{"line":134,"column":null}},"type":"cond-expr","locations":[{"start":{"line":134,"column":37},"end":{"line":134,"column":56}},{"start":{"line":134,"column":56},"end":{"line":134,"column":null}}],"line":134},"15":{"loc":{"start":{"line":137,"column":15},"end":{"line":137,"column":null}},"type":"binary-expr","locations":[{"start":{"line":137,"column":15},"end":{"line":137,"column":35}},{"start":{"line":137,"column":35},"end":{"line":137,"column":null}}],"line":137},"16":{"loc":{"start":{"line":149,"column":18},"end":{"line":149,"column":null}},"type":"cond-expr","locations":[{"start":{"line":149,"column":36},"end":{"line":149,"column":55}},{"start":{"line":149,"column":55},"end":{"line":149,"column":null}}],"line":149},"17":{"loc":{"start":{"line":152,"column":15},"end":{"line":152,"column":null}},"type":"binary-expr","locations":[{"start":{"line":152,"column":15},"end":{"line":152,"column":34}},{"start":{"line":152,"column":34},"end":{"line":152,"column":null}}],"line":152},"18":{"loc":{"start":{"line":167,"column":16},"end":{"line":167,"column":null}},"type":"cond-expr","locations":[{"start":{"line":167,"column":31},"end":{"line":167,"column":50}},{"start":{"line":167,"column":50},"end":{"line":167,"column":null}}],"line":167},"19":{"loc":{"start":{"line":170,"column":13},"end":{"line":170,"column":null}},"type":"binary-expr","locations":[{"start":{"line":170,"column":13},"end":{"line":170,"column":29}},{"start":{"line":170,"column":29},"end":{"line":170,"column":null}}],"line":170},"20":{"loc":{"start":{"line":182,"column":16},"end":{"line":182,"column":null}},"type":"cond-expr","locations":[{"start":{"line":182,"column":33},"end":{"line":182,"column":52}},{"start":{"line":182,"column":52},"end":{"line":182,"column":null}}],"line":182},"21":{"loc":{"start":{"line":190,"column":13},"end":{"line":190,"column":null}},"type":"binary-expr","locations":[{"start":{"line":190,"column":13},"end":{"line":190,"column":31}},{"start":{"line":190,"column":31},"end":{"line":190,"column":null}}],"line":190},"22":{"loc":{"start":{"line":204,"column":16},"end":{"line":204,"column":null}},"type":"cond-expr","locations":[{"start":{"line":204,"column":33},"end":{"line":204,"column":52}},{"start":{"line":204,"column":52},"end":{"line":204,"column":null}}],"line":204},"23":{"loc":{"start":{"line":207,"column":13},"end":{"line":207,"column":null}},"type":"binary-expr","locations":[{"start":{"line":207,"column":13},"end":{"line":207,"column":31}},{"start":{"line":207,"column":31},"end":{"line":207,"column":null}}],"line":207},"24":{"loc":{"start":{"line":215,"column":13},"end":{"line":215,"column":null}},"type":"cond-expr","locations":[{"start":{"line":215,"column":36},"end":{"line":215,"column":51}},{"start":{"line":215,"column":51},"end":{"line":215,"column":null}}],"line":215}},"s":{"0":18,"1":18,"2":18,"3":18,"4":25,"5":25,"6":5,"7":5,"8":1,"9":25,"10":1,"11":25,"12":1,"13":25,"14":1,"15":25,"16":1,"17":25,"18":18,"19":10,"20":10,"21":10,"22":10,"23":10,"24":18,"25":3,"26":3,"27":3,"28":15,"29":15,"30":5,"31":3,"32":1,"33":1,"34":2,"35":2,"36":2,"37":1,"38":1,"39":1,"40":1,"41":18},"f":{"0":18,"1":25,"2":10,"3":10,"4":3,"5":15},"b":{"0":[5,20],"1":[1,4],"2":[1,24],"3":[25,5],"4":[1,24],"5":[25,5],"6":[1,24],"7":[25,5],"8":[1,24],"9":[25,5],"10":[5,10],"11":[1,2],"12":[18,1],"13":[18,1],"14":[1,17],"15":[18,1],"16":[1,17],"17":[18,1],"18":[1,17],"19":[18,1],"20":[1,17],"21":[18,1],"22":[1,17],"23":[18,1],"24":[2,16]},"meta":{"lastBranch":25,"lastFunction":6,"lastStatement":42,"seen":{"f:6:24:6:34":0,"s:7:30:13:Infinity":0,"s:14:26:14:Infinity":1,"s:15:26:15:Infinity":2,"s:17:24:37:Infinity":3,"f:17:24:17:25":1,"s:18:16:18:Infinity":4,"b:19:4:22:Infinity:undefined:undefined:undefined:undefined":0,"s:19:4:22:Infinity":5,"s:20:25:20:Infinity":6,"b:21:6:21:Infinity:undefined:undefined:undefined:undefined":1,"s:21:6:21:Infinity":7,"s:21:35:21:Infinity":8,"b:23:4:25:Infinity:undefined:undefined:undefined:undefined":2,"s:23:4:25:Infinity":9,"b:23:8:23:30:23:30:23:49":3,"s:24:6:24:Infinity":10,"b:26:4:28:Infinity:undefined:undefined:undefined:undefined":4,"s:26:4:28:Infinity":11,"b:26:8:26:32:26:32:26:53":5,"s:27:6:27:Infinity":12,"b:29:4:31:Infinity:undefined:undefined:undefined:undefined":6,"s:29:4:31:Infinity":13,"b:29:8:29:31:29:31:29:52":7,"s:30:6:30:Infinity":14,"b:32:4:34:Infinity:undefined:undefined:undefined:undefined":8,"s:32:4:34:Infinity":15,"b:32:8:32:30:32:30:32:51":9,"s:33:6:33:Infinity":16,"s:36:4:36:Infinity":17,"s:39:23:44:Infinity":18,"f:39:23:39:24":2,"s:40:28:40:Infinity":19,"s:41:4:41:Infinity":20,"s:42:23:42:Infinity":21,"s:43:4:43:Infinity":22,"f:43:14:43:23":3,"s:43:23:43:55":23,"s:46:23:69:Infinity":24,"f:46:23:46:30":4,"s:47:4:47:Infinity":25,"s:49:26:49:Infinity":26,"s:50:4:53:Infinity":27,"f:50:34:50:41":5,"s:51:18:51:Infinity":28,"b:52:6:52:Infinity:undefined:undefined:undefined:undefined":10,"s:52:6:52:Infinity":29,"s:52:15:52:Infinity":30,"b:55:4:58:Infinity:undefined:undefined:undefined:undefined":11,"s:55:4:58:Infinity":31,"s:56:6:56:Infinity":32,"s:57:6:57:Infinity":33,"s:60:4:60:Infinity":34,"s:61:4:68:Infinity":35,"s:62:6:62:Infinity":36,"s:63:6:63:Infinity":37,"s:64:6:64:Infinity":38,"s:66:6:66:Infinity":39,"s:67:6:67:Infinity":40,"s:72:2:220:Infinity":41,"b:116:9:116:Infinity:117:10:117:Infinity":12,"b:119:9:119:Infinity:120:10:120:Infinity":13,"b:134:37:134:56:134:56:134:Infinity":14,"b:137:15:137:35:137:35:137:Infinity":15,"b:149:36:149:55:149:55:149:Infinity":16,"b:152:15:152:34:152:34:152:Infinity":17,"b:167:31:167:50:167:50:167:Infinity":18,"b:170:13:170:29:170:29:170:Infinity":19,"b:182:33:182:52:182:52:182:Infinity":20,"b:190:13:190:31:190:31:190:Infinity":21,"b:204:33:204:52:204:52:204:Infinity":22,"b:207:13:207:31:207:31:207:Infinity":23,"b:215:36:215:51:215:51:215:Infinity":24}}}
,"E:\\projects\\landing_coffee_react\\src\\pages\\Quiz.jsx": {"path":"E:\\projects\\landing_coffee_react\\src\\pages\\Quiz.jsx","statementMap":{"0":{"start":{"line":6,"column":22},"end":{"line":6,"column":null}},"1":{"start":{"line":7,"column":28},"end":{"line":7,"column":null}},"2":{"start":{"line":8,"column":36},"end":{"line":8,"column":null}},"3":{"start":{"line":10,"column":2},"end":{"line":17,"column":null}},"4":{"start":{"line":11,"column":18},"end":{"line":11,"column":null}},"5":{"start":{"line":12,"column":4},"end":{"line":16,"column":null}},"6":{"start":{"line":13,"column":6},"end":{"line":13,"column":null}},"7":{"start":{"line":14,"column":6},"end":{"line":14,"column":null}},"8":{"start":{"line":15,"column":6},"end":{"line":15,"column":null}},"9":{"start":{"line":19,"column":19},"end":{"line":28,"column":null}},"10":{"start":{"line":20,"column":20},"end":{"line":20,"column":null}},"11":{"start":{"line":21,"column":4},"end":{"line":27,"column":null}},"12":{"start":{"line":22,"column":6},"end":{"line":22,"column":null}},"13":{"start":{"line":23,"column":6},"end":{"line":23,"column":null}},"14":{"start":{"line":25,"column":12},"end":{"line":25,"column":null}},"15":{"start":{"line":26,"column":6},"end":{"line":26,"column":null}},"16":{"start":{"line":30,"column":24},"end":{"line":35,"column":null}},"17":{"start":{"line":31,"column":4},"end":{"line":31,"column":null}},"18":{"start":{"line":32,"column":4},"end":{"line":32,"column":null}},"19":{"start":{"line":33,"column":4},"end":{"line":33,"column":null}},"20":{"start":{"line":34,"column":4},"end":{"line":34,"column":null}},"21":{"start":{"line":37,"column":0},"end":{"line":116,"column":null}},"22":{"start":{"line":38,"column":4},"end":{"line":114,"column":null}},"23":{"start":{"line":52,"column":18},"end":{"line":54,"column":null}},"24":{"start":{"line":72,"column":16},"end":{"line":75,"column":null}},"25":{"start":{"line":106,"column":31},"end":{"line":106,"column":null}},"26":{"start":{"line":118,"column":12},"end":{"line":118,"column":null}},"27":{"start":{"line":119,"column":8},"end":{"line":119,"column":null}},"28":{"start":{"line":121,"column":2},"end":{"line":187,"column":null}},"29":{"start":{"line":156,"column":34},"end":{"line":156,"column":null}},"30":{"start":{"line":157,"column":12},"end":{"line":173,"column":null}},"31":{"start":{"line":160,"column":31},"end":{"line":160,"column":null}}},"fnMap":{"0":{"name":"Quiz","decl":{"start":{"line":5,"column":24},"end":{"line":5,"column":31}},"loc":{"start":{"line":5,"column":31},"end":{"line":189,"column":null}},"line":5},"1":{"name":"(anonymous_1)","decl":{"start":{"line":10,"column":12},"end":{"line":10,"column":18}},"loc":{"start":{"line":10,"column":18},"end":{"line":17,"column":5}},"line":10},"2":{"name":"(anonymous_2)","decl":{"start":{"line":19,"column":19},"end":{"line":19,"column":20}},"loc":{"start":{"line":19,"column":29},"end":{"line":28,"column":null}},"line":19},"3":{"name":"(anonymous_3)","decl":{"start":{"line":30,"column":24},"end":{"line":30,"column":30}},"loc":{"start":{"line":30,"column":30},"end":{"line":35,"column":null}},"line":30},"4":{"name":"(anonymous_4)","decl":{"start":{"line":51,"column":38},"end":{"line":51,"column":null}},"loc":{"start":{"line":52,"column":18},"end":{"line":54,"column":null}},"line":52},"5":{"name":"(anonymous_5)","decl":{"start":{"line":71,"column":37},"end":{"line":71,"column":38}},"loc":{"start":{"line":72,"column":16},"end":{"line":75,"column":null}},"line":72},"6":{"name":"(anonymous_6)","decl":{"start":{"line":106,"column":25},"end":{"line":106,"column":31}},"loc":{"start":{"line":106,"column":31},"end":{"line":106,"column":null}},"line":106},"7":{"name":"(anonymous_7)","decl":{"start":{"line":155,"column":25},"end":{"line":155,"column":26}},"loc":{"start":{"line":155,"column":37},"end":{"line":175,"column":11}},"line":155},"8":{"name":"(anonymous_8)","decl":{"start":{"line":160,"column":25},"end":{"line":160,"column":31}},"loc":{"start":{"line":160,"column":31},"end":{"line":160,"column":null}},"line":160}},"branchMap":{"0":{"loc":{"start":{"line":12,"column":4},"end":{"line":16,"column":null}},"type":"if","locations":[{"start":{"line":12,"column":4},"end":{"line":16,"column":null}},{"start":{},"end":{}}],"line":12},"1":{"loc":{"start":{"line":21,"column":4},"end":{"line":27,"column":null}},"type":"if","locations":[{"start":{"line":21,"column":4},"end":{"line":27,"column":null}},{"start":{"line":24,"column":11},"end":{"line":27,"column":null}}],"line":21},"2":{"loc":{"start":{"line":37,"column":0},"end":{"line":116,"column":null}},"type":"if","locations":[{"start":{"line":37,"column":0},"end":{"line":116,"column":null}},{"start":{},"end":{}}],"line":37}},"s":{"0":13,"1":13,"2":13,"3":13,"4":4,"5":4,"6":1,"7":1,"8":1,"9":13,"10":7,"11":7,"12":5,"13":5,"14":2,"15":2,"16":13,"17":1,"18":1,"19":1,"20":1,"21":13,"22":2,"23":4,"24":4,"25":1,"26":11,"27":11,"28":11,"29":33,"30":33,"31":7},"f":{"0":13,"1":4,"2":7,"3":1,"4":4,"5":4,"6":1,"7":33,"8":7},"b":{"0":[1,3],"1":[5,2],"2":[2,11]},"meta":{"lastBranch":3,"lastFunction":9,"lastStatement":32,"seen":{"f:5:24:5:31":0,"s:6:22:6:Infinity":0,"s:7:28:7:Infinity":1,"s:8:36:8:Infinity":2,"s:10:2:17:Infinity":3,"f:10:12:10:18":1,"s:11:18:11:Infinity":4,"b:12:4:16:Infinity:undefined:undefined:undefined:undefined":0,"s:12:4:16:Infinity":5,"s:13:6:13:Infinity":6,"s:14:6:14:Infinity":7,"s:15:6:15:Infinity":8,"s:19:19:28:Infinity":9,"f:19:19:19:20":2,"s:20:20:20:Infinity":10,"b:21:4:27:Infinity:24:11:27:Infinity":1,"s:21:4:27:Infinity":11,"s:22:6:22:Infinity":12,"s:23:6:23:Infinity":13,"s:25:12:25:Infinity":14,"s:26:6:26:Infinity":15,"s:30:24:35:Infinity":16,"f:30:24:30:30":3,"s:31:4:31:Infinity":17,"s:32:4:32:Infinity":18,"s:33:4:33:Infinity":19,"s:34:4:34:Infinity":20,"b:37:0:116:Infinity:undefined:undefined:undefined:undefined":2,"s:37:0:116:Infinity":21,"s:38:4:114:Infinity":22,"f:51:38:51:Infinity":4,"s:52:18:54:Infinity":23,"f:71:37:71:38":5,"s:72:16:75:Infinity":24,"f:106:25:106:31":6,"s:106:31:106:Infinity":25,"s:118:12:118:Infinity":26,"s:119:8:119:Infinity":27,"s:121:2:187:Infinity":28,"f:155:25:155:26":7,"s:156:34:156:Infinity":29,"s:157:12:173:Infinity":30,"f:160:25:160:31":8,"s:160:31:160:Infinity":31}}}
,"E:\\projects\\landing_coffee_react\\src\\pages\\Home\\Gallery.jsx": {"path":"E:\\projects\\landing_coffee_react\\src\\pages\\Home\\Gallery.jsx","statementMap":{"0":{"start":{"line":12,"column":38},"end":{"line":12,"column":null}},"1":{"start":{"line":14,"column":20},"end":{"line":17,"column":null}},"2":{"start":{"line":15,"column":4},"end":{"line":15,"column":null}},"3":{"start":{"line":16,"column":4},"end":{"line":16,"column":null}},"4":{"start":{"line":19,"column":21},"end":{"line":22,"column":null}},"5":{"start":{"line":20,"column":4},"end":{"line":20,"column":null}},"6":{"start":{"line":21,"column":4},"end":{"line":21,"column":null}},"7":{"start":{"line":24,"column":2},"end":{"line":168,"column":null}},"8":{"start":{"line":71,"column":10},"end":{"line":101,"column":null}},"9":{"start":{"line":95,"column":31},"end":{"line":95,"column":null}}},"fnMap":{"0":{"name":"Gallery","decl":{"start":{"line":11,"column":24},"end":{"line":11,"column":34}},"loc":{"start":{"line":11,"column":34},"end":{"line":170,"column":null}},"line":11},"1":{"name":"(anonymous_1)","decl":{"start":{"line":14,"column":20},"end":{"line":14,"column":21}},"loc":{"start":{"line":14,"column":30},"end":{"line":17,"column":null}},"line":14},"2":{"name":"(anonymous_2)","decl":{"start":{"line":19,"column":21},"end":{"line":19,"column":27}},"loc":{"start":{"line":19,"column":27},"end":{"line":22,"column":null}},"line":19},"3":{"name":"(anonymous_3)","decl":{"start":{"line":70,"column":54},"end":{"line":70,"column":55}},"loc":{"start":{"line":71,"column":10},"end":{"line":101,"column":null}},"line":71},"4":{"name":"(anonymous_4)","decl":{"start":{"line":95,"column":25},"end":{"line":95,"column":31}},"loc":{"start":{"line":95,"column":31},"end":{"line":95,"column":null}},"line":95}},"branchMap":{"0":{"loc":{"start":{"line":106,"column":7},"end":{"line":164,"column":null}},"type":"binary-expr","locations":[{"start":{"line":106,"column":7},"end":{"line":106,"column":null}},{"start":{"line":107,"column":8},"end":{"line":164,"column":null}}],"line":106}},"s":{"0":10,"1":10,"2":3,"3":3,"4":10,"5":2,"6":2,"7":10,"8":120,"9":3},"f":{"0":10,"1":3,"2":2,"3":120,"4":3},"b":{"0":[10,3]},"meta":{"lastBranch":1,"lastFunction":5,"lastStatement":10,"seen":{"f:11:24:11:34":0,"s:12:38:12:Infinity":0,"s:14:20:17:Infinity":1,"f:14:20:14:21":1,"s:15:4:15:Infinity":2,"s:16:4:16:Infinity":3,"s:19:21:22:Infinity":4,"f:19:21:19:27":2,"s:20:4:20:Infinity":5,"s:21:4:21:Infinity":6,"s:24:2:168:Infinity":7,"f:70:54:70:55":3,"s:71:10:101:Infinity":8,"f:95:25:95:31":4,"s:95:31:95:Infinity":9,"b:106:7:106:Infinity:107:8:164:Infinity":0}}}
,"E:\\projects\\landing_coffee_react\\src\\pages\\Home\\Hero.jsx": {"path":"E:\\projects\\landing_coffee_react\\src\\pages\\Home\\Hero.jsx","statementMap":{"0":{"start":{"line":7,"column":8},"end":{"line":7,"column":null}},"1":{"start":{"line":8,"column":8},"end":{"line":8,"column":null}},"2":{"start":{"line":10,"column":8},"end":{"line":10,"column":null}},"3":{"start":{"line":11,"column":8},"end":{"line":11,"column":null}},"4":{"start":{"line":12,"column":8},"end":{"line":12,"column":null}},"5":{"start":{"line":15,"column":2},"end":{"line":77,"column":null}},"6":{"start":{"line":17,"column":4},"end":{"line":23,"column":null}},"7":{"start":{"line":18,"column":6},"end":{"line":22,"column":null}},"8":{"start":{"line":25,"column":4},"end":{"line":68,"column":null}},"9":{"start":{"line":27,"column":6},"end":{"line":35,"column":null}},"10":{"start":{"line":37,"column":4},"end":{"line":48,"column":null}},"11":{"start":{"line":38,"column":12},"end":{"line":38,"column":null}},"12":{"start":{"line":39,"column":6},"end":{"line":47,"column":null}},"13":{"start":{"line":40,"column":8},"end":{"line":46,"column":null}},"14":{"start":{"line":50,"column":4},"end":{"line":57,"column":null}},"15":{"start":{"line":51,"column":8},"end":{"line":56,"column":null}},"16":{"start":{"line":59,"column":4},"end":{"line":66,"column":null}},"17":{"start":{"line":60,"column":8},"end":{"line":65,"column":null}},"18":{"start":{"line":70,"column":4},"end":{"line":75,"column":null}},"19":{"start":{"line":71,"column":6},"end":{"line":71,"column":null}},"20":{"start":{"line":72,"column":6},"end":{"line":74,"column":null}},"21":{"start":{"line":73,"column":8},"end":{"line":73,"column":null}},"22":{"start":{"line":79,"column":2},"end":{"line":121,"column":null}}},"fnMap":{"0":{"name":"Hero","decl":{"start":{"line":6,"column":24},"end":{"line":6,"column":31}},"loc":{"start":{"line":6,"column":31},"end":{"line":124,"column":null}},"line":6},"1":{"name":"(anonymous_1)","decl":{"start":{"line":15,"column":12},"end":{"line":15,"column":18}},"loc":{"start":{"line":15,"column":18},"end":{"line":77,"column":5}},"line":15},"2":{"name":"(anonymous_2)","decl":{"start":{"line":25,"column":65},"end":{"line":25,"column":73}},"loc":{"start":{"line":25,"column":73},"end":{"line":68,"column":5}},"line":25},"3":{"name":"(anonymous_3)","decl":{"start":{"line":70,"column":11},"end":{"line":70,"column":17}},"loc":{"start":{"line":70,"column":17},"end":{"line":75,"column":null}},"line":70}},"branchMap":{"0":{"loc":{"start":{"line":17,"column":4},"end":{"line":23,"column":null}},"type":"if","locations":[{"start":{"line":17,"column":4},"end":{"line":23,"column":null}},{"start":{},"end":{}}],"line":17},"1":{"loc":{"start":{"line":37,"column":4},"end":{"line":48,"column":null}},"type":"if","locations":[{"start":{"line":37,"column":4},"end":{"line":48,"column":null}},{"start":{},"end":{}}],"line":37},"2":{"loc":{"start":{"line":39,"column":6},"end":{"line":47,"column":null}},"type":"if","locations":[{"start":{"line":39,"column":6},"end":{"line":47,"column":null}},{"start":{},"end":{}}],"line":39},"3":{"loc":{"start":{"line":39,"column":10},"end":{"line":39,"column":59}},"type":"binary-expr","locations":[{"start":{"line":39,"column":10},"end":{"line":39,"column":30}},{"start":{"line":39,"column":30},"end":{"line":39,"column":59}}],"line":39},"4":{"loc":{"start":{"line":50,"column":4},"end":{"line":57,"column":null}},"type":"if","locations":[{"start":{"line":50,"column":4},"end":{"line":57,"column":null}},{"start":{},"end":{}}],"line":50},"5":{"loc":{"start":{"line":59,"column":4},"end":{"line":66,"column":null}},"type":"if","locations":[{"start":{"line":59,"column":4},"end":{"line":66,"column":null}},{"start":{},"end":{}}],"line":59},"6":{"loc":{"start":{"line":72,"column":6},"end":{"line":74,"column":null}},"type":"if","locations":[{"start":{"line":72,"column":6},"end":{"line":74,"column":null}},{"start":{},"end":{}}],"line":72},"7":{"loc":{"start":{"line":72,"column":10},"end":{"line":72,"column":71}},"type":"binary-expr","locations":[{"start":{"line":72,"column":10},"end":{"line":72,"column":27}},{"start":{"line":72,"column":27},"end":{"line":72,"column":71}}],"line":72}},"s":{"0":4,"1":4,"2":4,"3":4,"4":4,"5":4,"6":4,"7":4,"8":4,"9":4,"10":4,"11":4,"12":4,"13":4,"14":4,"15":4,"16":4,"17":4,"18":4,"19":4,"20":4,"21":4,"22":4},"f":{"0":4,"1":4,"2":4,"3":4},"b":{"0":[4,0],"1":[4,0],"2":[4,0],"3":[4,4],"4":[4,0],"5":[4,0],"6":[4,0],"7":[4,4]},"meta":{"lastBranch":8,"lastFunction":4,"lastStatement":23,"seen":{"f:6:24:6:31":0,"s:7:8:7:Infinity":0,"s:8:8:8:Infinity":1,"s:10:8:10:Infinity":2,"s:11:8:11:Infinity":3,"s:12:8:12:Infinity":4,"s:15:2:77:Infinity":5,"f:15:12:15:18":1,"b:17:4:23:Infinity:undefined:undefined:undefined:undefined":0,"s:17:4:23:Infinity":6,"s:18:6:22:Infinity":7,"s:25:4:68:Infinity":8,"f:25:65:25:73":2,"s:27:6:35:Infinity":9,"b:37:4:48:Infinity:undefined:undefined:undefined:undefined":1,"s:37:4:48:Infinity":10,"s:38:12:38:Infinity":11,"b:39:6:47:Infinity:undefined:undefined:undefined:undefined":2,"s:39:6:47:Infinity":12,"b:39:10:39:30:39:30:39:59":3,"s:40:8:46:Infinity":13,"b:50:4:57:Infinity:undefined:undefined:undefined:undefined":4,"s:50:4:57:Infinity":14,"s:51:8:56:Infinity":15,"b:59:4:66:Infinity:undefined:undefined:undefined:undefined":5,"s:59:4:66:Infinity":16,"s:60:8:65:Infinity":17,"s:70:4:75:Infinity":18,"f:70:11:70:17":3,"s:71:6:71:Infinity":19,"b:72:6:74:Infinity:undefined:undefined:undefined:undefined":6,"s:72:6:74:Infinity":20,"b:72:10:72:27:72:27:72:71":7,"s:73:8:73:Infinity":21,"s:79:2:121:Infinity":22}}}
,"E:\\projects\\landing_coffee_react\\src\\pages\\Home\\Home.css": {"path":"E:\\projects\\landing_coffee_react\\src\\pages\\Home\\Home.css","statementMap":{},"fnMap":{},"branchMap":{},"s":{},"f":{},"b":{},"meta":{"lastBranch":0,"lastFunction":0,"lastStatement":0,"seen":{}}}
,"E:\\projects\\landing_coffee_react\\src\\pages\\Home\\Quiz.jsx": {"path":"E:\\projects\\landing_coffee_react\\src\\pages\\Home\\Quiz.jsx","statementMap":{"0":{"start":{"line":9,"column":8},"end":{"line":9,"column":null}},"1":{"start":{"line":10,"column":24},"end":{"line":10,"column":null}},"2":{"start":{"line":12,"column":26},"end":{"line":15,"column":null}},"3":{"start":{"line":13,"column":4},"end":{"line":13,"column":null}},"4":{"start":{"line":14,"column":4},"end":{"line":14,"column":null}},"5":{"start":{"line":17,"column":0},"end":{"line":64,"column":null}},"6":{"start":{"line":40,"column":36},"end":{"line":40,"column":null}},"7":{"start":{"line":41,"column":14},"end":{"line":58,"column":null}},"8":{"start":{"line":44,"column":33},"end":{"line":44,"column":null}}},"fnMap":{"0":{"name":"Quiz","decl":{"start":{"line":8,"column":24},"end":{"line":8,"column":31}},"loc":{"start":{"line":8,"column":31},"end":{"line":66,"column":null}},"line":8},"1":{"name":"(anonymous_1)","decl":{"start":{"line":12,"column":26},"end":{"line":12,"column":27}},"loc":{"start":{"line":12,"column":36},"end":{"line":15,"column":null}},"line":12},"2":{"name":"(anonymous_2)","decl":{"start":{"line":39,"column":39},"end":{"line":39,"column":40}},"loc":{"start":{"line":39,"column":51},"end":{"line":60,"column":13}},"line":39},"3":{"name":"(anonymous_3)","decl":{"start":{"line":44,"column":27},"end":{"line":44,"column":33}},"loc":{"start":{"line":44,"column":33},"end":{"line":44,"column":null}},"line":44}},"branchMap":{},"s":{"0":3,"1":3,"2":3,"3":1,"4":1,"5":3,"6":9,"7":9,"8":1},"f":{"0":3,"1":1,"2":9,"3":1},"b":{},"meta":{"lastBranch":0,"lastFunction":4,"lastStatement":9,"seen":{"f:8:24:8:31":0,"s:9:8:9:Infinity":0,"s:10:24:10:Infinity":1,"s:12:26:15:Infinity":2,"f:12:26:12:27":1,"s:13:4:13:Infinity":3,"s:14:4:14:Infinity":4,"s:17:0:64:Infinity":5,"f:39:39:39:40":2,"s:40:36:40:Infinity":6,"s:41:14:58:Infinity":7,"f:44:27:44:33":3,"s:44:33:44:Infinity":8}}}
,"E:\\projects\\landing_coffee_react\\src\\pages\\Home\\Values.jsx": {"path":"E:\\projects\\landing_coffee_react\\src\\pages\\Home\\Values.jsx","statementMap":{"0":{"start":{"line":4,"column":23},"end":{"line":23,"column":null}},"1":{"start":{"line":25,"column":2},"end":{"line":60,"column":null}},"2":{"start":{"line":38,"column":12},"end":{"line":56,"column":null}}},"fnMap":{"0":{"name":"Values","decl":{"start":{"line":3,"column":24},"end":{"line":3,"column":33}},"loc":{"start":{"line":3,"column":33},"end":{"line":62,"column":null}},"line":3},"1":{"name":"(anonymous_1)","decl":{"start":{"line":37,"column":28},"end":{"line":37,"column":29}},"loc":{"start":{"line":38,"column":12},"end":{"line":56,"column":null}},"line":38}},"branchMap":{},"s":{"0":4,"1":4,"2":12},"f":{"0":4,"1":12},"b":{},"meta":{"lastBranch":0,"lastFunction":2,"lastStatement":3,"seen":{"f:3:24:3:33":0,"s:4:23:23:Infinity":0,"s:25:2:60:Infinity":1,"f:37:28:37:29":1,"s:38:12:56:Infinity":2}}}
,"E:\\projects\\landing_coffee_react\\src\\pages\\Home\\index.jsx": {"path":"E:\\projects\\landing_coffee_react\\src\\pages\\Home\\index.jsx","statementMap":{"0":{"start":{"line":7,"column":13},"end":{"line":16,"column":null}},"1":{"start":{"line":8,"column":2},"end":{"line":14,"column":null}}},"fnMap":{"0":{"name":"(anonymous_0)","decl":{"start":{"line":7,"column":13},"end":{"line":7,"column":19}},"loc":{"start":{"line":7,"column":19},"end":{"line":16,"column":null}},"line":7}},"branchMap":{},"s":{"0":2,"1":2},"f":{"0":2},"b":{},"meta":{"lastBranch":0,"lastFunction":1,"lastStatement":2,"seen":{"s:7:13:16:Infinity":0,"f:7:13:7:19":0,"s:8:2:14:Infinity":1}}}
,"E:\\projects\\landing_coffee_react\\src\\services\\contact.js": {"path":"E:\\projects\\landing_coffee_react\\src\\services\\contact.js","statementMap":{"0":{"start":{"line":1,"column":34},"end":{"line":17,"column":1}},"1":{"start":{"line":2,"column":18},"end":{"line":2,"column":62}},"2":{"start":{"line":4,"column":19},"end":{"line":10,"column":4}},"3":{"start":{"line":12,"column":2},"end":{"line":14,"column":3}},"4":{"start":{"line":13,"column":4},"end":{"line":13,"column":72}},"5":{"start":{"line":16,"column":2},"end":{"line":16,"column":31}}},"fnMap":{"0":{"name":"(anonymous_0)","decl":{"start":{"line":1,"column":34},"end":{"line":1,"column":39}},"loc":{"start":{"line":1,"column":50},"end":{"line":17,"column":1}},"line":1}},"branchMap":{"0":{"loc":{"start":{"line":12,"column":2},"end":{"line":14,"column":3}},"type":"if","locations":[{"start":{"line":12,"column":2},"end":{"line":14,"column":3}},{"start":{},"end":{}}],"line":12}},"s":{"0":2,"1":2,"2":2,"3":2,"4":1,"5":1},"f":{"0":2},"b":{"0":[1,1]},"meta":{"lastBranch":1,"lastFunction":1,"lastStatement":6,"seen":{"s:1:34:17:1":0,"f:1:34:1:39":0,"s:2:18:2:62":1,"s:4:19:10:4":2,"b:12:2:14:3:undefined:undefined:undefined:undefined":0,"s:12:2:14:3":3,"s:13:4:13:72":4,"s:16:2:16:31":5}}}
}
